c:\dev\c++\calibration  11-23-16 - 2 bit stop - b2\release\calibration.bsc
c:\dev\c++\calibration  11-23-16 - 2 bit stop - b2\release\calibration.pch
c:\dev\c++\calibration  11-23-16 - 2 bit stop - b2\release\vc141.pdb
c:\dev\c++\calibration  11-23-16 - 2 bit stop - b2\release\stdafx.sbr
c:\dev\c++\calibration  11-23-16 - 2 bit stop - b2\release\stdafx.obj
c:\dev\c++\calibration  11-23-16 - 2 bit stop - b2\release\analysisdlg.sbr
c:\dev\c++\calibration  11-23-16 - 2 bit stop - b2\release\calibration.sbr
c:\dev\c++\calibration  11-23-16 - 2 bit stop - b2\release\calibrationdlg.sbr
c:\dev\c++\calibration  11-23-16 - 2 bit stop - b2\release\collectdlg.sbr
c:\dev\c++\calibration  11-23-16 - 2 bit stop - b2\release\errordlg.sbr
c:\dev\c++\calibration  11-23-16 - 2 bit stop - b2\release\installdlg.sbr
c:\dev\c++\calibration  11-23-16 - 2 bit stop - b2\release\linearraydlg.sbr
c:\dev\c++\calibration  11-23-16 - 2 bit stop - b2\release\log.sbr
c:\dev\c++\calibration  11-23-16 - 2 bit stop - b2\release\messagebox2dlg.sbr
c:\dev\c++\calibration  11-23-16 - 2 bit stop - b2\release\messageboxdlg.sbr
c:\dev\c++\calibration  11-23-16 - 2 bit stop - b2\release\meter_operation.sbr
c:\dev\c++\calibration  11-23-16 - 2 bit stop - b2\release\msword.sbr
c:\dev\c++\calibration  11-23-16 - 2 bit stop - b2\release\reminderdlg.sbr
c:\dev\c++\calibration  11-23-16 - 2 bit stop - b2\release\setdlg.sbr
c:\dev\c++\calibration  11-23-16 - 2 bit stop - b2\release\setzerodlg.sbr
c:\dev\c++\calibration  11-23-16 - 2 bit stop - b2\release\showdlg.sbr
c:\dev\c++\calibration  11-23-16 - 2 bit stop - b2\release\meter_information.sbr
c:\dev\c++\calibration  11-23-16 - 2 bit stop - b2\release\vc_update.sbr
c:\dev\c++\calibration  11-23-16 - 2 bit stop - b2\release\vc_update.obj
c:\dev\c++\calibration  11-23-16 - 2 bit stop - b2\release\meter_information.obj
c:\dev\c++\calibration  11-23-16 - 2 bit stop - b2\release\showdlg.obj
c:\dev\c++\calibration  11-23-16 - 2 bit stop - b2\release\setzerodlg.obj
c:\dev\c++\calibration  11-23-16 - 2 bit stop - b2\release\setdlg.obj
c:\dev\c++\calibration  11-23-16 - 2 bit stop - b2\release\reminderdlg.obj
c:\dev\c++\calibration  11-23-16 - 2 bit stop - b2\release\msword.obj
c:\dev\c++\calibration  11-23-16 - 2 bit stop - b2\release\meter_operation.obj
c:\dev\c++\calibration  11-23-16 - 2 bit stop - b2\release\messageboxdlg.obj
c:\dev\c++\calibration  11-23-16 - 2 bit stop - b2\release\messagebox2dlg.obj
c:\dev\c++\calibration  11-23-16 - 2 bit stop - b2\release\log.obj
c:\dev\c++\calibration  11-23-16 - 2 bit stop - b2\release\linearraydlg.obj
c:\dev\c++\calibration  11-23-16 - 2 bit stop - b2\release\installdlg.obj
c:\dev\c++\calibration  11-23-16 - 2 bit stop - b2\release\errordlg.obj
c:\dev\c++\calibration  11-23-16 - 2 bit stop - b2\release\collectdlg.obj
c:\dev\c++\calibration  11-23-16 - 2 bit stop - b2\release\calibrationdlg.obj
c:\dev\c++\calibration  11-23-16 - 2 bit stop - b2\release\calibration.obj
c:\dev\c++\calibration  11-23-16 - 2 bit stop - b2\release\analysisdlg.obj
c:\dev\c++\calibration  11-23-16 - 2 bit stop - b2\release\calibration.exe
c:\dev\c++\calibration  11-23-16 - 2 bit stop - b2\release\calibration.pdb
c:\dev\c++\calibration  11-23-16 - 2 bit stop - b2\release\calibration.res
c:\dev\c++\calibration  11-23-16 - 2 bit stop - b2\release\msado15.tli
c:\dev\c++\calibration  11-23-16 - 2 bit stop - b2\release\msado15.tlh
c:\dev\c++\calibration  11-23-16 - 2 bit stop - b2\.\release\calibration.exe
c:\dev\c++\calibration  11-23-16 - 2 bit stop - b2\release\calibration.tlog\bscmake.command.1.tlog
c:\dev\c++\calibration  11-23-16 - 2 bit stop - b2\release\calibration.tlog\bscmake.read.1.tlog
c:\dev\c++\calibration  11-23-16 - 2 bit stop - b2\release\calibration.tlog\bscmake.write.1.tlog
c:\dev\c++\calibration  11-23-16 - 2 bit stop - b2\release\calibration.tlog\cl.command.1.tlog
c:\dev\c++\calibration  11-23-16 - 2 bit stop - b2\release\calibration.tlog\cl.read.1.tlog
c:\dev\c++\calibration  11-23-16 - 2 bit stop - b2\release\calibration.tlog\cl.write.1.tlog
c:\dev\c++\calibration  11-23-16 - 2 bit stop - b2\release\calibration.tlog\link.command.1.tlog
c:\dev\c++\calibration  11-23-16 - 2 bit stop - b2\release\calibration.tlog\link.read.1.tlog
c:\dev\c++\calibration  11-23-16 - 2 bit stop - b2\release\calibration.tlog\link.write.1.tlog
c:\dev\c++\calibration  11-23-16 - 2 bit stop - b2\release\calibration.tlog\rc.command.1.tlog
c:\dev\c++\calibration  11-23-16 - 2 bit stop - b2\release\calibration.tlog\rc.read.1.tlog
c:\dev\c++\calibration  11-23-16 - 2 bit stop - b2\release\calibration.tlog\rc.write.1.tlog
